"blank"                   "=========================="
"blank"                   "#Valve_Movement_Title"
"blank"                   "=========================="
"+forward"                "#Valve_Move_Forward"
"+back"                   "#Valve_Move_Back"
"+moveleft"               "#Valve_Move_Left"
"+moveright"              "#Valve_Move_Right"
"+speed"                  "#Valve_Sprint"
"+jump"                   "#Valve_Jump"
"+duck"                   "#Valve_Duck"
"blank"                   "=========================="
"blank"                   "#Valve_Combat_Title"
"blank"                   "=========================="
"+attack"                 "#Valve_Primary_Attack"
"+attack2"                "#Valve_Secondary_Attack"
"+alt1"                   "#CTF_Alt_Attack"
"+reload"                 "#Valve_Reload_Weapon"
"+use"                    "#Valve_Use_Items"
"phys_swap"               "#Valve_Gravity_Gun"
"impulse 100"             "#Valve_Flashlight"
"+zoom"                   "#Valve_Suit_Zoom"
"slot1"                   "#Valve_Weapon_Category_1"
"slot2"                   "#Valve_Weapon_Category_2"
"slot3"                   "#Valve_Weapon_Category_3"
"slot4"                   "#Valve_Weapon_Category_4"
"slot5"                   "#Valve_Weapon_Category_5"
"slot6"                   "#Valve_Weapon_Category_6"
"invnext"                 "#Valve_Next_Weapon"
"invprev"                 "#Valve_Previous_Weapon"
"lastinv"                 "#Valve_Last_Weapon_Used"
"blank"                   "=========================="
"blank"                   "#CTF_Weapon_Title"
"blank"                   "=========================="
"use weapon_crowbar"			"#CTF_Crowbar"
"use weapon_stunstick"		"#CTF_Stunstick"
"use weapon_pistol"		    "#CTF_Pistol"
"use weapon_ctf_alyxgun"	"#CTF_AlyxGun"
"use weapon_357"		      "#CTF_357"
"use weapon_smg1"		      "#CTF_SMG"
"use weapon_ctf_oicw"		  "#CTF_OICW"
"use weapon_shotgun"		  "#CTF_Shotgun"
"use weapon_ar2"		      "#CTF_AR2"
"use weapon_rpg"		      "#CTF_RPG"
"use weapon_slam"		      "#CTF_SLAM"
"use weapon_frag"		      "#CTF_Grenade"
"use weapon_crossbow"		  "#CTF_Crossbow"
"use weapon_ctf_sniper"   "#CTF_Sniper"
"use weapon_ctf_railgun"  "#CTF_Railgun"
"blank"                   "=========================="
"blank"                   "#CTF_Radio_Title"
"blank"                   "=========================="
"ctfvcom 1"               "#CTF_VCOM1"
"ctfvcom 2"               "#CTF_VCOM2"
"ctfvcom 3"               "#CTF_VCOM3"
"ctfvcom 4"               "#CTF_VCOM4"
"ctfvcom 5"               "#CTF_VCOM5"
"ctfvcom 6"               "#CTF_VCOM6"
"ctfvcom 7"               "#CTF_VCOM7"
"ctfvcom 8"               "#CTF_VCOM8"
"ctfvcom 9"               "#CTF_VCOM9"
"ctfvcom 10"              "#CTF_VCOM10"
"ctfvcom 11"              "#CTF_VCOM11"
"ctfvcom 12"							"#CTF_VCOM12"
"ctfvcom 13"              "#CTF_VCOM13"
"taunt"                   "Taunt"
"blank"                   "=========================="
"blank"                   "#Valve_Communication_Title"
"blank"                   "=========================="
"+voicerecord"            "#Valve_Use_Voice_Communication"
"messagemode"             "#Valve_Chat_Message"
"messagemode2"            "#Valve_Team_Message"
"blank"                   "=========================="
"blank"                   "#Valve_Miscellaneous_Title"
"blank"                   "=========================="
"jpeg"                    "#Valve_Take_Screen_Shot"
"+showscores"             "#Valve_Display_Scores"
"jointeam 1"              "Join Combine"
"jointeam 2"              "Join Rebels"
"spectate"                "Spectate"
"dropflag"                "#CTF_DropFlag"
"prepflagpass"            "#CTF_PrepFlagPass"
"droppowerup"             "#CTF_DropPowerup"
"dropweapon"              "#CTF_DropWeapon"
"drophealth"              "#CTF_DropHealth"
"dropbattery"             "#CTF_DropBattery"
"toggleNV"                "#CTF_ToggleNV"
"impulse 201"             "#Valve_Spray_Logo"
"ready"                   "#CTF_Ready"
"pause"                   "#Valve_Pause_Game"
"quit"                    "#Valve_Quit_Game"
"blank"                   "=========================="
"blank"                   "#Valve_Miscellaneous_Keyboard_Keys_Title"
"blank"                   "=========================="
"+walk"                   "#Valve_Walk"
"+left"                   "#Valve_Turn_Left"
"+right"                  "#Valve_Turn_Right"
"+moveup"                 "#Valve_Swim_Up"
"+movedown"               "#Valve_Swim_Down"
"+lookup"                 "#Valve_Look_Up"
"+lookdown"               "#Valve_Look_Down"
"+strafe"                 "#Valve_Strafe_Modifier"
"+klook"                  "#Valve_Keyboard_Look_Modifier"